0 info it worked if it ends with ok
1 verbose cli [ 'c:\\Program Files (x86)\\nodejs\\node.exe',
1 verbose cli   'c:\\Program Files (x86)\\nodejs\\node_modules\\npm\\bin\\npm-cli.js',
1 verbose cli   'install',
1 verbose cli   'grunt-contrib-uglify--save-dev' ]
2 info using npm@1.4.28
3 info using node@v0.10.33
4 warn package.json ali-portfolio@0.1.0 No description
5 warn package.json ali-portfolio@0.1.0 No repository field.
6 warn package.json ali-portfolio@0.1.0 No README data
7 verbose readDependencies using package.json deps
8 verbose cache add [ 'grunt-contrib-uglify--save-dev', null ]
9 verbose cache add name=undefined spec="grunt-contrib-uglify--save-dev" args=["grunt-contrib-uglify--save-dev",null]
10 verbose parsed url { protocol: null,
10 verbose parsed url   slashes: null,
10 verbose parsed url   auth: null,
10 verbose parsed url   host: null,
10 verbose parsed url   port: null,
10 verbose parsed url   hostname: null,
10 verbose parsed url   hash: null,
10 verbose parsed url   search: null,
10 verbose parsed url   query: null,
10 verbose parsed url   pathname: 'grunt-contrib-uglify--save-dev',
10 verbose parsed url   path: 'grunt-contrib-uglify--save-dev',
10 verbose parsed url   href: 'grunt-contrib-uglify--save-dev' }
11 silly lockFile cb6e9ed7-grunt-contrib-uglify-save-dev grunt-contrib-uglify--save-dev
12 verbose lock grunt-contrib-uglify--save-dev C:\Users\DRI\AppData\Roaming\npm-cache\cb6e9ed7-grunt-contrib-uglify-save-dev.lock
13 silly lockFile cb6e9ed7-grunt-contrib-uglify-save-dev grunt-contrib-uglify--save-dev
14 silly lockFile cb6e9ed7-grunt-contrib-uglify-save-dev grunt-contrib-uglify--save-dev
15 verbose addNamed [ 'grunt-contrib-uglify--save-dev', '' ]
16 verbose addNamed [ null, '*' ]
17 silly lockFile cddbe79e-grunt-contrib-uglify-save-dev grunt-contrib-uglify--save-dev@
18 verbose lock grunt-contrib-uglify--save-dev@ C:\Users\DRI\AppData\Roaming\npm-cache\cddbe79e-grunt-contrib-uglify-save-dev.lock
19 silly addNameRange { name: 'grunt-contrib-uglify--save-dev',
19 silly addNameRange   range: '*',
19 silly addNameRange   hasData: false }
20 verbose request where is /grunt-contrib-uglify--save-dev
21 verbose request registry https://registry.npmjs.org/
22 verbose request id 2fa1d3aa5e8ec9c7
23 verbose url raw /grunt-contrib-uglify--save-dev
24 verbose url resolving [ 'https://registry.npmjs.org/',
24 verbose url resolving   './grunt-contrib-uglify--save-dev' ]
25 verbose url resolved https://registry.npmjs.org/grunt-contrib-uglify--save-dev
26 verbose request where is https://registry.npmjs.org/grunt-contrib-uglify--save-dev
27 info trying registry request attempt 1 at 01:29:27
28 http GET https://registry.npmjs.org/grunt-contrib-uglify--save-dev
29 http 404 https://registry.npmjs.org/grunt-contrib-uglify--save-dev
30 silly registry.get cb [ 404,
30 silly registry.get   { 'content-type': 'application/json',
30 silly registry.get     'cache-control': 'max-age=0',
30 silly registry.get     'content-length': '2',
30 silly registry.get     'accept-ranges': 'bytes',
30 silly registry.get     date: 'Wed, 23 Mar 2016 05:29:26 GMT',
30 silly registry.get     via: '1.1 varnish',
30 silly registry.get     age: '0',
30 silly registry.get     connection: 'keep-alive',
30 silly registry.get     'x-served-by': 'cache-iad2122-IAD',
30 silly registry.get     'x-cache': 'MISS',
30 silly registry.get     'x-cache-hits': '0',
30 silly registry.get     'x-timer': 'S1458710966.522148,VS0,VE88' } ]
31 silly lockFile cddbe79e-grunt-contrib-uglify-save-dev grunt-contrib-uglify--save-dev@
32 silly lockFile cddbe79e-grunt-contrib-uglify-save-dev grunt-contrib-uglify--save-dev@
33 error 404 Not Found
33 error 404
33 error 404 'grunt-contrib-uglify--save-dev' is not in the npm registry.
33 error 404 You should bug the author to publish it
33 error 404 It was specified as a dependency of 'ali-portfolio'
33 error 404
33 error 404 Note that you can also install from a
33 error 404 tarball, folder, or http url, or git url.
34 error System Windows_NT 6.1.7601
35 error command "c:\\Program Files (x86)\\nodejs\\node.exe" "c:\\Program Files (x86)\\nodejs\\node_modules\\npm\\bin\\npm-cli.js" "install" "grunt-contrib-uglify--save-dev"
36 error cwd c:\Users\DRI\Documents\ali-portfolio
37 error node -v v0.10.33
38 error npm -v 1.4.28
39 error code E404
40 verbose exit [ 1, true ]
